#
# A fatal error has been detected by the Java Runtime Environment:
#
#  EXCEPTION_ACCESS_VIOLATION (0xc0000005) at pc=0x00007ff878171b85, pid=67180, tid=71496
#
# JRE version:  (17.0.11+7) (build )
# Java VM: Java HotSpot(TM) 64-Bit Server VM (17.0.11+7-LTS-207, mixed mode, sharing, tiered, unknown gc, windows-amd64)
# Problematic frame:
# C  [jimage.dll+0x1b85]
#
# No core dump will be written. Minidumps are not enabled by default on client versions of Windows
#
#

---------------  S U M M A R Y ------------

Command Line: 

Host: 11th Gen Intel(R) Core(TM) i3-1115G4 @ 3.00GHz, 4 cores, 7G,  Windows 11 , 64 bit Build 22621 (10.0.22621.3958)
Time: Tue Aug 13 14:09:48 2024 India Standard Time elapsed time: 0.155374 seconds (0d 0h 0m 0s)

---------------  T H R E A D  ---------------

Current thread is native thread

Stack: [0x0000003231000000,0x0000003231100000],  sp=0x00000032310fdef0,  free space=1015k
Native frames: (J=compiled Java code, j=interpreted, Vv=VM code, C=native code)
C  [jimage.dll+0x1b85]
C  [jimage.dll+0x1d13]
C  [jimage.dll+0x25d9]
V  [jvm.dll+0x1ef495]
V  [jvm.dll+0xaff6e]
V  [jvm.dll+0x78b18c]
V  [jvm.dll+0x3ec22f]
V  [jvm.dll+0x3ede61]
C  [jli.dll+0x5297]
C  [ucrtbase.dll+0x29333]
C  [KERNEL32.DLL+0x1257d]
C  [ntdll.dll+0x5af28]


siginfo: EXCEPTION_ACCESS_VIOLATION (0xc0000005), reading address 0x000000000000307c


Registers:
RAX=0x0000000000000c18, RBX=0x00000032310fdfe1, RCX=0x00007ff878176000, RDX=0x0000000000000c18
RSP=0x00000032310fdef0, RBP=0x00000032310fdfe0, RSI=0x0000000000007207, RDI=0x00000032310fdfe0
R8 =0x00007ff878174298, R9 =0x000000000000001c, R10=0x00007ff876bd0000, R11=0x00007ff878176000
R12=0x0000000000000000, R13=0x000001d15a357ba0, R14=0x00000032310ff050, R15=0x00007ff8128dd368
RIP=0x00007ff878171b85, EFLAGS=0x0000000000010246


Top of Stack: (sp=0x00000032310fdef0)
0x00000032310fdef0:   0000000000000000 0000000000000000
0x00000032310fdf00:   0000000000000000 0000000000000000
0x00000032310fdf10:   000001d15a34c860 00007ff878171d13
0x00000032310fdf20:   000000000000000b 000001d15a34c860
0x00000032310fdf30:   0000000000000000 0000000000000000
0x00000032310fdf40:   0000000000000000 0000000000000000
0x00000032310fdf50:   0000000000000000 0000000000000000
0x00000032310fdf60:   0000000000000000 0000000000000000
0x00000032310fdf70:   0000000000000000 0000000000000000
0x00000032310fdf80:   00003fb17d69cf1f 0000000000000000
0x00000032310fdf90:   00007ff8128bbef0 0000000000000017
0x00000032310fdfa0:   000001d15a34c860 00000032310ff050
0x00000032310fdfb0:   000000000000000b 00007ff8781725d9
0x00000032310fdfc0:   0000000000000000 0000000000000000
0x00000032310fdfd0:   0000000000000000 0000000000000000
0x00000032310fdfe0:   61622e6176616a2f 692f6b646a2f6573 

Instructions: (pc=0x00007ff878171b85)
0x00007ff878171a85:   48 85 c9 74 1d 80 3d 7f 45 00 00 00 74 06 48 8b
0x00007ff878171a95:   53 18 eb 04 48 8b 53 40 e8 96 0e 00 00 48 83 63
0x00007ff878171aa5:   48 00 8b 4b 0c 83 f9 ff 74 09 e8 cc 0c 00 00 83
0x00007ff878171ab5:   4b 0c ff 48 8b 4b 70 48 85 c9 74 0f ba 10 00 00
0x00007ff878171ac5:   00 e8 ed 0e 00 00 48 83 63 70 00 48 83 c4 20 5b
0x00007ff878171ad5:   c3 cc cc 40 53 48 83 ec 20 48 8b d9 48 8d 0d 38
0x00007ff878171ae5:   47 00 00 e8 9b 0c 00 00 83 6b 08 01 75 24 48 8b
0x00007ff878171af5:   d3 48 8d 0d 1b 45 00 00 e8 22 08 00 00 48 8b cb
0x00007ff878171b05:   e8 d6 fe ff ff ba 78 00 00 00 48 8b cb e8 a1 0e
0x00007ff878171b15:   00 00 48 8d 0d 02 47 00 00 48 83 c4 20 5b e9 68
0x00007ff878171b25:   0c 00 00 48 89 5c 24 08 48 89 74 24 10 57 48 83
0x00007ff878171b35:   ec 20 41 8b f1 4d 8b c8 48 8b fa 4c 8b d9 4d 85
0x00007ff878171b45:   c0 74 78 85 f6 74 74 44 8a 12 48 8d 5a 01 48 8b
0x00007ff878171b55:   d3 b8 93 01 00 01 eb 12 69 c0 93 01 00 01 41 0f
0x00007ff878171b65:   b6 ca 44 8a 12 33 c1 48 ff c2 45 84 d2 75 e9 4d
0x00007ff878171b75:   8b 03 0f ba f0 1f 33 d2 49 8b cb f7 f6 48 63 c2
0x00007ff878171b85:   41 8b 14 81 41 ff 50 08 85 c0 7e 24 8a 0f eb 10
0x00007ff878171b95:   69 c0 93 01 00 01 0f b6 c9 33 c1 8a 0b 48 ff c3
0x00007ff878171ba5:   84 c9 75 ec 0f ba f0 1f 33 d2 f7 f6 8b c2 eb 0e
0x00007ff878171bb5:   79 09 83 c9 ff 2b c8 8b c1 eb 03 83 c8 ff 48 8b
0x00007ff878171bc5:   5c 24 30 48 8b 74 24 38 48 83 c4 20 5f c3 cc 48
0x00007ff878171bd5:   89 5c 24 08 48 89 74 24 10 57 48 83 ec 20 48 8b
0x00007ff878171be5:   f1 48 8d 0d 33 46 00 00 e8 96 0b 00 00 33 ff 39
0x00007ff878171bf5:   3d 1e 44 00 00 76 24 48 8b 05 1d 44 00 00 48 8b
0x00007ff878171c05:   d6 48 8b 1c f8 48 8b 0b e8 68 1e 00 00 85 c0 74
0x00007ff878171c15:   2b ff c7 3b 3d fa 43 00 00 72 dc 33 db 48 8d 0d
0x00007ff878171c25:   f7 45 00 00 e8 62 0b 00 00 48 8b 74 24 38 48 8b
0x00007ff878171c35:   c3 48 8b 5c 24 30 48 83 c4 20 5f c3 ff 43 08 eb
0x00007ff878171c45:   dc cc cc 48 89 5c 24 08 48 89 74 24 10 57 48 83
0x00007ff878171c55:   ec 20 48 8b d9 48 8b f2 48 8b 49 10 49 8b f8 8b
0x00007ff878171c65:   53 30 48 8b 01 ff 50 20 4c 8b 43 50 48 8b d6 48
0x00007ff878171c75:   8b 4b 10 44 8b c8 e8 a8 fe ff ff 83 f8 ff 74 38 



---------------  P R O C E S S  ---------------

VM state: not at safepoint (not fully initialized)

VM Mutex/Monitor currently owned by a thread: None

GC Precious Log:
<Not initialized>


Dynamic libraries:
0x00007ff7efdb0000 - 0x00007ff7efdc0000 	C:\Program Files\Java\jdk-17\bin\java.exe
0x00007ff889f50000 - 0x00007ff88a167000 	C:\WINDOWS\SYSTEM32\ntdll.dll
0x00007ff889070000 - 0x00007ff889134000 	C:\WINDOWS\System32\KERNEL32.DLL
0x00007ff887270000 - 0x00007ff88761d000 	C:\WINDOWS\System32\KERNELBASE.dll
0x00007ff887aa0000 - 0x00007ff887bb1000 	C:\WINDOWS\System32\ucrtbase.dll
0x00007ff876bd0000 - 0x00007ff876beb000 	C:\Program Files\Java\jdk-17\bin\VCRUNTIME140.dll
0x00007ff83b4a0000 - 0x00007ff83b4b9000 	C:\Program Files\Java\jdk-17\bin\jli.dll
0x00007ff888770000 - 0x00007ff888822000 	C:\WINDOWS\System32\ADVAPI32.dll
0x00007ff888e10000 - 0x00007ff888eb7000 	C:\WINDOWS\System32\msvcrt.dll
0x00007ff888650000 - 0x00007ff8886f9000 	C:\WINDOWS\System32\sechost.dll
0x00007ff8878a0000 - 0x00007ff8878c8000 	C:\WINDOWS\System32\bcrypt.dll
0x00007ff889140000 - 0x00007ff889254000 	C:\WINDOWS\System32\RPCRT4.dll
0x00007ff889d60000 - 0x00007ff889f0e000 	C:\WINDOWS\System32\USER32.dll
0x00007ff887a70000 - 0x00007ff887a96000 	C:\WINDOWS\System32\win32u.dll
0x00007ff889260000 - 0x00007ff889289000 	C:\WINDOWS\System32\GDI32.dll
0x00007ff887950000 - 0x00007ff887a69000 	C:\WINDOWS\System32\gdi32full.dll
0x00007ff887790000 - 0x00007ff88782a000 	C:\WINDOWS\System32\msvcp_win.dll
0x00007ff850160000 - 0x00007ff8503f3000 	C:\WINDOWS\WinSxS\amd64_microsoft.windows.common-controls_6595b64144ccf1df_6.0.22621.3672_none_2713b9d173822955\COMCTL32.dll
0x00007ff87ca30000 - 0x00007ff87ca3a000 	C:\WINDOWS\SYSTEM32\VERSION.dll
0x00007ff888520000 - 0x00007ff888551000 	C:\WINDOWS\System32\IMM32.DLL
0x00007ff87d920000 - 0x00007ff87d92c000 	C:\Program Files\Java\jdk-17\bin\vcruntime140_1.dll
0x00007ff83ff50000 - 0x00007ff83ffde000 	C:\Program Files\Java\jdk-17\bin\msvcp140.dll
0x00007ff812000000 - 0x00007ff812be0000 	C:\Program Files\Java\jdk-17\bin\server\jvm.dll
0x00007ff888640000 - 0x00007ff888648000 	C:\WINDOWS\System32\PSAPI.DLL
0x00007ff87fe50000 - 0x00007ff87fe59000 	C:\WINDOWS\SYSTEM32\WSOCK32.dll
0x00007ff888d90000 - 0x00007ff888e01000 	C:\WINDOWS\System32\WS2_32.dll
0x00007ff87d3e0000 - 0x00007ff87d414000 	C:\WINDOWS\SYSTEM32\WINMM.dll
0x00007ff878170000 - 0x00007ff87817a000 	C:\Program Files\Java\jdk-17\bin\jimage.dll
0x00007ff884b90000 - 0x00007ff884dc2000 	C:\WINDOWS\SYSTEM32\DBGHELP.DLL
0x00007ff887d10000 - 0x00007ff88809d000 	C:\WINDOWS\System32\combase.dll
0x00007ff888830000 - 0x00007ff888907000 	C:\WINDOWS\System32\OLEAUT32.dll
0x00007ff87bed0000 - 0x00007ff87bf02000 	C:\WINDOWS\SYSTEM32\dbgcore.DLL
0x00007ff8878d0000 - 0x00007ff88794b000 	C:\WINDOWS\System32\bcryptPrimitives.dll

dbghelp: loaded successfully - version: 4.0.5 - missing functions: none
symbol engine: initialized successfully - sym options: 0x614 - pdb path: .;C:\Program Files\Java\jdk-17\bin;C:\WINDOWS\SYSTEM32;C:\WINDOWS\WinSxS\amd64_microsoft.windows.common-controls_6595b64144ccf1df_6.0.22621.3672_none_2713b9d173822955;C:\Program Files\Java\jdk-17\bin\server

VM Arguments:
java_command: <unknown>
java_class_path (initial): <not set>
Launcher Type: SUN_STANDARD

[Global flags]
     bool UseLargePagesIndividualAllocation        = false                                  {pd product} {ergonomic}

Logging:
Log output configuration:
 #0: stdout all=warning uptime,level,tags
 #1: stderr all=off uptime,level,tags

Environment Variables:
JAVA_HOME=C:\Program Files\Java\jdk-17
PATH=C:\Program Files\Python312\Scripts\;C:\Program Files\Python312\;C:\Program Files\Common Files\Oracle\Java\javapath;C:\Program Files\Python311\Scripts\;C:\Program Files\Python311\;C:\WINDOWS\system32;C:\WINDOWS;C:\WINDOWS\System32\Wbem;C:\WINDOWS\System32\WindowsPowerShell\v1.0\;C:\WINDOWS\System32\OpenSSH\;C:\Program Files\Git\cmd;C:\Program Files\MySQL\MySQL Server 8.0\bin;C:\ProgramData\chocolatey\bin;;C:\Program Files\HP\HP One Agent;C:\Program Files\nodejs\;C:\Program Files\MySQL\MySQL Shell 8.0\bin\;C:\Users\Suman\AppData\Local\Microsoft\WindowsApps;C:\Program Files\JetBrains\PyCharm Community Edition 2022.2\bin;;C:\Program Files\JetBrains\IntelliJ IDEA Community Edition 2023.2\bin;;C:\Program Files\Java\jdk-18.0.2\bin;C:\Program Files\Python311;C:\Users\Suman\AppData\Local\JetBrains\PyCharm 2023.2\bin;;C:\Program Files\JetBrains\IntelliJ IDEA 2024.1\bin;;C:\Program Files\Java\jdk-17\bin;C:\Users\Suman\AppData\Local\Programs\Microsoft VS Code\bin;C:\Users\Suman\AppData\Roaming\npm;C:\Users\Suman\AppData\Roaming\Python\Python312\Scripts;
USERNAME=Suman
OS=Windows_NT
PROCESSOR_IDENTIFIER=Intel64 Family 6 Model 140 Stepping 1, GenuineIntel



---------------  S Y S T E M  ---------------

OS:
 Windows 11 , 64 bit Build 22621 (10.0.22621.3958)
OS uptime: 17 days 15:19 hours

CPU: total 4 (initial active 0) 

Memory: 4k page, system-wide physical 7932M (1213M free)
TotalPageFile size 30275M (AvailPageFile size 1075M)
current process WorkingSet (physical memory assigned to process): 8M, peak: 8M
current process commit charge ("private bytes"): 3M, peak: 3M

vm_info: Java HotSpot(TM) 64-Bit Server VM (17.0.11+7-LTS-207) for windows-amd64 JRE (17.0.11+7-LTS-207), built on Mar 11 2024 19:01:50 by "mach5one" with MS VC++ 17.6 (VS2022)

END.
