#
# There is insufficient memory for the Java Runtime Environment to continue.
# Native memory allocation (mmap) failed to map 130023424 bytes for G1 virtual space
# Possible reasons:
#   The system is out of physical RAM or swap space
#   The process is running with CompressedOops enabled, and the Java Heap may be blocking the growth of the native heap
# Possible solutions:
#   Reduce memory load on the system
#   Increase physical memory or swap space
#   Check if swap backing store is full
#   Decrease Java heap size (-Xmx/-Xms)
#   Decrease number of Java threads
#   Decrease Java thread stack sizes (-Xss)
#   Set larger code cache with -XX:ReservedCodeCacheSize=
#   JVM is running with Unscaled Compressed Oops mode in which the Java heap is
#     placed in the first 4GB address space. The Java Heap base address is the
#     maximum limit for the native heap growth. Please use -XX:HeapBaseMinAddress
#     to set the Java Heap base and to place the Java Heap above 4GB virtual address.
# This output file may be truncated or incomplete.
#
#  Out of Memory Error (os_windows.cpp:3548), pid=68580, tid=72780
#
# JRE version:  (17.0.11+7) (build )
# Java VM: Java HotSpot(TM) 64-Bit Server VM (17.0.11+7-LTS-207, mixed mode, sharing, tiered, compressed oops, compressed class ptrs, g1 gc, windows-amd64)
# No core dump will be written. Minidumps are not enabled by default on client versions of Windows
#

---------------  S U M M A R Y ------------

Command Line: -Dfile.encoding=UTF-8 --module-path=C:\Users\Suman\OneDrive\Desktop\Hotel Manage\Hotel System\build\classes hotel.system.Dashboard

Host: 11th Gen Intel(R) Core(TM) i3-1115G4 @ 3.00GHz, 4 cores, 7G,  Windows 11 , 64 bit Build 22621 (10.0.22621.3958)
Time: Tue Aug 13 13:54:29 2024 India Standard Time elapsed time: 0.012258 seconds (0d 0h 0m 0s)

---------------  T H R E A D  ---------------

Current thread (0x000001dff415fab0):  JavaThread "Unknown thread" [_thread_in_vm, id=72780, stack(0x0000004e74100000,0x0000004e74200000)]

Stack: [0x0000004e74100000,0x0000004e74200000]
Native frames: (J=compiled Java code, j=interpreted, Vv=VM code, C=native code)
V  [jvm.dll+0x679cca]
V  [jvm.dll+0x7da13d]
V  [jvm.dll+0x7dba83]
V  [jvm.dll+0x7dc0f3]
V  [jvm.dll+0x2449af]
V  [jvm.dll+0x676ce9]
V  [jvm.dll+0x66b852]
V  [jvm.dll+0x3018d6]
V  [jvm.dll+0x308e76]
V  [jvm.dll+0x3596ee]
V  [jvm.dll+0x35991f]
V  [jvm.dll+0x2d89a8]
V  [jvm.dll+0x2d9914]
V  [jvm.dll+0x7ac6b1]
V  [jvm.dll+0x366f61]
V  [jvm.dll+0x78b609]
V  [jvm.dll+0x3ec22f]
V  [jvm.dll+0x3ede61]
C  [jli.dll+0x5297]
C  [ucrtbase.dll+0x29333]
C  [KERNEL32.DLL+0x1257d]
C  [ntdll.dll+0x5af28]


---------------  P R O C E S S  ---------------

Threads class SMR info:
_java_thread_list=0x00007ff812ab7a18, length=0, elements={
}

Java Threads: ( => current thread )

Other Threads:
  0x000001dff41bac60 GCTaskThread "GC Thread#0" [stack: 0x0000004e74200000,0x0000004e74300000] [id=73188]
  0x000001dff41cb2b0 ConcurrentGCThread "G1 Main Marker" [stack: 0x0000004e74300000,0x0000004e74400000] [id=66760]
  0x000001dff41cbbc0 ConcurrentGCThread "G1 Conc#0" [stack: 0x0000004e74400000,0x0000004e74500000] [id=71324]

[error occurred during error reporting (printing all threads), id 0xc0000005, EXCEPTION_ACCESS_VIOLATION (0xc0000005) at pc=0x00007ff8122e9497]

VM state: not at safepoint (not fully initialized)

VM Mutex/Monitor currently owned by a thread:  ([mutex/lock_event])
[0x000001dff415b260] Heap_lock - owner thread: 0x000001dff415fab0

Heap address: 0x0000000084000000, size: 1984 MB, Compressed Oops mode: 32-bit

CDS archive(s) mapped at: [0x0000000000000000-0x0000000000000000-0x0000000000000000), size 0, SharedBaseAddress: 0x0000000800000000, ArchiveRelocationMode: 1.
Narrow klass base: 0x0000000000000000, Narrow klass shift: 0, Narrow klass range: 0x0

GC Precious Log:
<Empty>

Heap:
 garbage-first heap   total 0K, used 0K [0x0000000084000000, 0x0000000100000000)
  region size 1024K, 0 young (0K), 0 survivors (0K)

[error occurred during error reporting (printing heap information), id 0xc0000005, EXCEPTION_ACCESS_VIOLATION (0xc0000005) at pc=0x00007ff8126d3559]

GC Heap History (0 events):
No events

Deoptimization events (0 events):
No events

Classes unloaded (0 events):
No events

Classes redefined (0 events):
No events

Internal exceptions (0 events):
No events

VM Operations (0 events):
No events

Events (1 events):
Event: 0.008 Loaded shared library C:\Program Files\Java\jdk-17\bin\java.dll


Dynamic libraries:
0x00007ff7efdb0000 - 0x00007ff7efdc0000 	C:\Program Files\Java\jdk-17\bin\java.exe
0x00007ff889f50000 - 0x00007ff88a167000 	C:\WINDOWS\SYSTEM32\ntdll.dll
0x00007ff889070000 - 0x00007ff889134000 	C:\WINDOWS\System32\KERNEL32.DLL
0x00007ff887270000 - 0x00007ff88761d000 	C:\WINDOWS\System32\KERNELBASE.dll
0x00007ff887aa0000 - 0x00007ff887bb1000 	C:\WINDOWS\System32\ucrtbase.dll
0x00007ff876bd0000 - 0x00007ff876beb000 	C:\Program Files\Java\jdk-17\bin\VCRUNTIME140.dll
0x00007ff83b4a0000 - 0x00007ff83b4b9000 	C:\Program Files\Java\jdk-17\bin\jli.dll
0x00007ff888770000 - 0x00007ff888822000 	C:\WINDOWS\System32\ADVAPI32.dll
0x00007ff888e10000 - 0x00007ff888eb7000 	C:\WINDOWS\System32\msvcrt.dll
0x00007ff888650000 - 0x00007ff8886f9000 	C:\WINDOWS\System32\sechost.dll
0x00007ff8878a0000 - 0x00007ff8878c8000 	C:\WINDOWS\System32\bcrypt.dll
0x00007ff889140000 - 0x00007ff889254000 	C:\WINDOWS\System32\RPCRT4.dll
0x00007ff889d60000 - 0x00007ff889f0e000 	C:\WINDOWS\System32\USER32.dll
0x00007ff887a70000 - 0x00007ff887a96000 	C:\WINDOWS\System32\win32u.dll
0x00007ff889260000 - 0x00007ff889289000 	C:\WINDOWS\System32\GDI32.dll
0x00007ff887950000 - 0x00007ff887a69000 	C:\WINDOWS\System32\gdi32full.dll
0x00007ff850160000 - 0x00007ff8503f3000 	C:\WINDOWS\WinSxS\amd64_microsoft.windows.common-controls_6595b64144ccf1df_6.0.22621.3672_none_2713b9d173822955\COMCTL32.dll
0x00007ff887790000 - 0x00007ff88782a000 	C:\WINDOWS\System32\msvcp_win.dll
0x00007ff87ca30000 - 0x00007ff87ca3a000 	C:\WINDOWS\SYSTEM32\VERSION.dll
0x00007ff888520000 - 0x00007ff888551000 	C:\WINDOWS\System32\IMM32.DLL
0x00007ff87d920000 - 0x00007ff87d92c000 	C:\Program Files\Java\jdk-17\bin\vcruntime140_1.dll
0x00007ff83ff50000 - 0x00007ff83ffde000 	C:\Program Files\Java\jdk-17\bin\msvcp140.dll
0x00007ff812000000 - 0x00007ff812be0000 	C:\Program Files\Java\jdk-17\bin\server\jvm.dll
0x00007ff888640000 - 0x00007ff888648000 	C:\WINDOWS\System32\PSAPI.DLL
0x00007ff87fe50000 - 0x00007ff87fe59000 	C:\WINDOWS\SYSTEM32\WSOCK32.dll
0x00007ff87d3e0000 - 0x00007ff87d414000 	C:\WINDOWS\SYSTEM32\WINMM.dll
0x00007ff888d90000 - 0x00007ff888e01000 	C:\WINDOWS\System32\WS2_32.dll
0x00007ff8862a0000 - 0x00007ff8862b8000 	C:\WINDOWS\SYSTEM32\kernel.appcore.dll
0x00007ff878170000 - 0x00007ff87817a000 	C:\Program Files\Java\jdk-17\bin\jimage.dll
0x00007ff884b90000 - 0x00007ff884dc2000 	C:\WINDOWS\SYSTEM32\DBGHELP.DLL
0x00007ff887d10000 - 0x00007ff88809d000 	C:\WINDOWS\System32\combase.dll
0x00007ff888830000 - 0x00007ff888907000 	C:\WINDOWS\System32\OLEAUT32.dll
0x00007ff87bed0000 - 0x00007ff87bf02000 	C:\WINDOWS\SYSTEM32\dbgcore.DLL
0x00007ff8878d0000 - 0x00007ff88794b000 	C:\WINDOWS\System32\bcryptPrimitives.dll
0x00007ff8665d0000 - 0x00007ff8665f5000 	C:\Program Files\Java\jdk-17\bin\java.dll

dbghelp: loaded successfully - version: 4.0.5 - missing functions: none
symbol engine: initialized successfully - sym options: 0x614 - pdb path: .;C:\Program Files\Java\jdk-17\bin;C:\WINDOWS\SYSTEM32;C:\WINDOWS\WinSxS\amd64_microsoft.windows.common-controls_6595b64144ccf1df_6.0.22621.3672_none_2713b9d173822955;C:\Program Files\Java\jdk-17\bin\server

VM Arguments:
jvm_args: -Dfile.encoding=UTF-8 --module-path=C:\Users\Suman\OneDrive\Desktop\Hotel Manage\Hotel System\build\classes 
java_command: hotel.system.Dashboard
java_class_path (initial): C:\Users\Suman\OneDrive\Desktop\Hotel Manage\Hotel System\build\classes
Launcher Type: SUN_STANDARD

[Global flags]
     intx CICompilerCount                          = 3                                         {product} {ergonomic}
     uint ConcGCThreads                            = 1                                         {product} {ergonomic}
     uint G1ConcRefinementThreads                  = 4                                         {product} {ergonomic}
   size_t G1HeapRegionSize                         = 1048576                                   {product} {ergonomic}
    uintx GCDrainStackTargetSize                   = 64                                        {product} {ergonomic}
   size_t InitialHeapSize                          = 130023424                                 {product} {ergonomic}
   size_t MarkStackSize                            = 4194304                                   {product} {ergonomic}
   size_t MaxHeapSize                              = 2080374784                                {product} {ergonomic}
   size_t MinHeapDeltaBytes                        = 1048576                                   {product} {ergonomic}
   size_t MinHeapSize                              = 8388608                                   {product} {ergonomic}
    uintx NonNMethodCodeHeapSize                   = 5832780                                {pd product} {ergonomic}
    uintx NonProfiledCodeHeapSize                  = 122912730                              {pd product} {ergonomic}
    uintx ProfiledCodeHeapSize                     = 122912730                              {pd product} {ergonomic}
    uintx ReservedCodeCacheSize                    = 251658240                              {pd product} {ergonomic}
     bool SegmentedCodeCache                       = true                                      {product} {ergonomic}
   size_t SoftMaxHeapSize                          = 2080374784                             {manageable} {ergonomic}
     bool UseCompressedClassPointers               = true                           {product lp64_product} {ergonomic}
     bool UseCompressedOops                        = true                           {product lp64_product} {ergonomic}
     bool UseG1GC                                  = true                                      {product} {ergonomic}
     bool UseLargePagesIndividualAllocation        = false                                  {pd product} {ergonomic}

Logging:
Log output configuration:
 #0: stdout all=warning uptime,level,tags
 #1: stderr all=off uptime,level,tags

Environment Variables:
JAVA_HOME=C:\Program Files\Java\jdk-17
PATH=C:\Program Files\Python312\Scripts\;C:\Program Files\Python312\;C:\Program Files\Common Files\Oracle\Java\javapath;C:\Program Files\Python311\Scripts\;C:\Program Files\Python311\;C:\WINDOWS\system32;C:\WINDOWS;C:\WINDOWS\System32\Wbem;C:\WINDOWS\System32\WindowsPowerShell\v1.0\;C:\WINDOWS\System32\OpenSSH\;C:\Program Files\Git\cmd;C:\Program Files\MySQL\MySQL Server 8.0\bin;C:\ProgramData\chocolatey\bin;;C:\Program Files\HP\HP One Agent;C:\Program Files\nodejs\;C:\Program Files\MySQL\MySQL Shell 8.0\bin\;C:\Users\Suman\AppData\Local\Microsoft\WindowsApps;C:\Program Files\JetBrains\PyCharm Community Edition 2022.2\bin;;C:\Program Files\JetBrains\IntelliJ IDEA Community Edition 2023.2\bin;;C:\Program Files\Java\jdk-18.0.2\bin;C:\Program Files\Python311;C:\Users\Suman\AppData\Local\JetBrains\PyCharm 2023.2\bin;;C:\Program Files\JetBrains\IntelliJ IDEA 2024.1\bin;;C:\Program Files\Java\jdk-17\bin;C:\Users\Suman\AppData\Local\Programs\Microsoft VS Code\bin;C:\Users\Suman\AppData\Roaming\npm;C:\Users\Suman\AppData\Roaming\Python\Python312\Scripts;
USERNAME=Suman
OS=Windows_NT
PROCESSOR_IDENTIFIER=Intel64 Family 6 Model 140 Stepping 1, GenuineIntel



---------------  S Y S T E M  ---------------

OS:
 Windows 11 , 64 bit Build 22621 (10.0.22621.3958)
OS uptime: 17 days 15:04 hours

CPU: total 4 (initial active 4) (2 cores per cpu, 2 threads per core) family 6 model 140 stepping 1 microcode 0xac, cx8, cmov, fxsr, ht, mmx, 3dnowpref, sse, sse2, sse3, ssse3, sse4.1, sse4.2, popcnt, lzcnt, tsc, tscinvbit, avx, avx2, aes, erms, clmul, bmi1, bmi2, adx, avx512f, avx512dq, avx512cd, avx512bw, avx512vl, sha, fma, vzeroupper, avx512_vpopcntdq, avx512_vpclmulqdq, avx512_vaes, avx512_vnni, clflush, clflushopt, clwb, avx512_vbmi2, avx512_vbmi

Memory: 4k page, system-wide physical 7932M (312M free)
TotalPageFile size 30275M (AvailPageFile size 100M)
current process WorkingSet (physical memory assigned to process): 11M, peak: 11M
current process commit charge ("private bytes"): 52M, peak: 175M

vm_info: Java HotSpot(TM) 64-Bit Server VM (17.0.11+7-LTS-207) for windows-amd64 JRE (17.0.11+7-LTS-207), built on Mar 11 2024 19:01:50 by "mach5one" with MS VC++ 17.6 (VS2022)

END.
